Using pre-set license
Built from '2021.3/staging' branch; Version is '2021.3.31f1 (3409e2af086f) revision 3410402'; Using compiler version '192829333'; Build Type 'Release'
OS: 'Windows 10  (10.0.19045) 64bit Core' Language: 'en' Physical Memory: 32683 MB
BatchMode: 1, IsHumanControllingUs: 0, StartBugReporterOnCrash: 0, Is64bit: 1, IsPro: 1

COMMAND LINE ARGUMENTS:
C:\Program Files\Unity\Hub\Editor\2021.3.31f1\Editor\Unity.exe
-adb2
-batchMode
-noUpm
-name
AssetImportWorker1
-projectPath
D:/GitHub/AIE_Redline/RedLine
-logFile
Logs/AssetImportWorker1.log
-srvPort
64828
Successfully changed project path to: D:/GitHub/AIE_Redline/RedLine
D:/GitHub/AIE_Redline/RedLine
[UnityMemory] Configuration Parameters - Can be set up in boot.config
    "memorysetup-bucket-allocator-granularity=16"
    "memorysetup-bucket-allocator-bucket-count=8"
    "memorysetup-bucket-allocator-block-size=33554432"
    "memorysetup-bucket-allocator-block-count=8"
    "memorysetup-main-allocator-block-size=16777216"
    "memorysetup-thread-allocator-block-size=16777216"
    "memorysetup-gfx-main-allocator-block-size=16777216"
    "memorysetup-gfx-thread-allocator-block-size=16777216"
    "memorysetup-cache-allocator-block-size=4194304"
    "memorysetup-typetree-allocator-block-size=2097152"
    "memorysetup-profiler-bucket-allocator-granularity=16"
    "memorysetup-profiler-bucket-allocator-bucket-count=8"
    "memorysetup-profiler-bucket-allocator-block-size=33554432"
    "memorysetup-profiler-bucket-allocator-block-count=8"
    "memorysetup-profiler-allocator-block-size=16777216"
    "memorysetup-profiler-editor-allocator-block-size=1048576"
    "memorysetup-temp-allocator-size-main=16777216"
    "memorysetup-job-temp-allocator-block-size=2097152"
    "memorysetup-job-temp-allocator-block-size-background=1048576"
    "memorysetup-job-temp-allocator-reduction-small-platforms=262144"
    "memorysetup-temp-allocator-size-background-worker=32768"
    "memorysetup-temp-allocator-size-job-worker=262144"
    "memorysetup-temp-allocator-size-preload-manager=33554432"
    "memorysetup-temp-allocator-size-nav-mesh-worker=65536"
    "memorysetup-temp-allocator-size-audio-worker=65536"
    "memorysetup-temp-allocator-size-cloud-worker=32768"
    "memorysetup-temp-allocator-size-gi-baking-worker=262144"
    "memorysetup-temp-allocator-size-gfx=262144"
Player connection [23856] Host "[IP] 192.168.1.42 [Port] 0 [Flags] 2 [Guid] 1638714247 [EditorId] 1638714247 [Version] 1048832 [Id] WindowsEditor(7,DESKTOP-K6A3LH7) [Debug] 1 [PackageName] WindowsEditor [ProjectName] Editor" joined multi-casting on [225.0.0.222:54997]...

Player connection [23856] Host "[IP] 192.168.1.42 [Port] 0 [Flags] 2 [Guid] 1638714247 [EditorId] 1638714247 [Version] 1048832 [Id] WindowsEditor(7,DESKTOP-K6A3LH7) [Debug] 1 [PackageName] WindowsEditor [ProjectName] Editor" joined alternative multi-casting on [225.0.0.222:34997]...

[Physics::Module] Initialized MultithreadedJobDispatcher with {0} workers.
Refreshing native plugins compatible for Editor in 171.44 ms, found 3 plugins.
Preloading 0 native plugins for Editor in 0.00 ms.
Initialize engine version: 2021.3.31f1 (3409e2af086f)
[Subsystems] Discovering subsystems at path C:/Program Files/Unity/Hub/Editor/2021.3.31f1/Editor/Data/Resources/UnitySubsystems
[Subsystems] Discovering subsystems at path D:/GitHub/AIE_Redline/RedLine/Assets
GfxDevice: creating device client; threaded=0; jobified=0
Direct3D:
    Version:  Direct3D 11.0 [level 11.1]
    Renderer: NVIDIA GeForce RTX 3060 (ID=0x2503)
    Vendor:   NVIDIA
    VRAM:     12115 MB
    Driver:   32.0.15.5612
Initialize mono
Mono path[0] = 'C:/Program Files/Unity/Hub/Editor/2021.3.31f1/Editor/Data/Managed'
Mono path[1] = 'C:/Program Files/Unity/Hub/Editor/2021.3.31f1/Editor/Data/MonoBleedingEdge/lib/mono/unityjit-win32'
Mono config path = 'C:/Program Files/Unity/Hub/Editor/2021.3.31f1/Editor/Data/MonoBleedingEdge/etc'
Using monoOptions --debugger-agent=transport=dt_socket,embedding=1,server=y,suspend=n,address=127.0.0.1:56560
Begin MonoManager ReloadAssembly
Registering precompiled unity dll's ...
Register platform support module: C:/Program Files/Unity/Hub/Editor/2021.3.31f1/Editor/Data/PlaybackEngines/WindowsStandaloneSupport/UnityEditor.WindowsStandalone.Extensions.dll
Registered in 0.014557 seconds.
Native extension for WindowsStandalone target not found
Refreshing native plugins compatible for Editor in 140.21 ms, found 3 plugins.
Preloading 0 native plugins for Editor in 0.00 ms.
Mono: successfully reloaded assembly
- Completed reload, in  1.019 seconds
Domain Reload Profiling:
	ReloadAssembly (1020ms)
		BeginReloadAssembly (152ms)
			ExecutionOrderSort (0ms)
			DisableScriptedObjects (0ms)
			BackupInstance (0ms)
			ReleaseScriptingObjects (0ms)
			CreateAndSetChildDomain (1ms)
		EndReloadAssembly (694ms)
			LoadAssemblies (145ms)
			RebuildTransferFunctionScriptingTraits (0ms)
			SetupTypeCache (175ms)
			ReleaseScriptCaches (0ms)
			RebuildScriptCaches (35ms)
			SetupLoadedEditorAssemblies (415ms)
				LogAssemblyErrors (0ms)
				InitializePlatformSupportModulesInManaged (11ms)
				SetLoadedEditorAssemblies (0ms)
				RefreshPlugins (140ms)
				BeforeProcessingInitializeOnLoad (2ms)
				ProcessInitializeOnLoadAttributes (188ms)
				ProcessInitializeOnLoadMethodAttributes (72ms)
				AfterProcessingInitializeOnLoad (0ms)
				EditorAssembliesLoaded (0ms)
			ExecutionOrderSort2 (0ms)
			AwakeInstancesAfterBackupRestoration (0ms)
Platform modules already initialized, skipping
Registering precompiled user dll's ...
Registered in 0.010318 seconds.
Begin MonoManager ReloadAssembly
Native extension for WindowsStandalone target not found
Refreshing native plugins compatible for Editor in 169.21 ms, found 3 plugins.
Preloading 0 native plugins for Editor in 0.00 ms.
Package Manager log level set to [2]
[Package Manager] Server::EnsureServerProcessIsRunning -- launch failed, reason: Unity was launched with the -noUpm command-line argument
[Package Manager] Cannot connect to Unity Package Manager local server
Mono: successfully reloaded assembly
- Completed reload, in  3.623 seconds
Domain Reload Profiling:
	ReloadAssembly (3624ms)
		BeginReloadAssembly (188ms)
			ExecutionOrderSort (0ms)
			DisableScriptedObjects (9ms)
			BackupInstance (0ms)
			ReleaseScriptingObjects (0ms)
			CreateAndSetChildDomain (31ms)
		EndReloadAssembly (3281ms)
			LoadAssemblies (156ms)
			RebuildTransferFunctionScriptingTraits (0ms)
			SetupTypeCache (479ms)
			ReleaseScriptCaches (2ms)
			RebuildScriptCaches (168ms)
			SetupLoadedEditorAssemblies (2444ms)
				LogAssemblyErrors (0ms)
				InitializePlatformSupportModulesInManaged (9ms)
				SetLoadedEditorAssemblies (0ms)
				RefreshPlugins (169ms)
				BeforeProcessingInitializeOnLoad (167ms)
				ProcessInitializeOnLoadAttributes (1987ms)
				ProcessInitializeOnLoadMethodAttributes (94ms)
				AfterProcessingInitializeOnLoad (17ms)
				EditorAssembliesLoaded (1ms)
			ExecutionOrderSort2 (0ms)
			AwakeInstancesAfterBackupRestoration (9ms)
Platform modules already initialized, skipping
========================================================================
Worker process is ready to serve import requests
Launched and connected shader compiler UnityShaderCompiler.exe after 0.06 seconds
Refreshing native plugins compatible for Editor in 2.06 ms, found 3 plugins.
Preloading 0 native plugins for Editor in 0.00 ms.
Unloading 6106 Unused Serialized files (Serialized files now loaded: 0)
Unloading 49 unused Assets / (1.5 MB). Loaded Objects now: 6558.
Memory consumption went from 241.0 MB to 239.5 MB.
Total: 4.310400 ms (FindLiveObjects: 0.789100 ms CreateObjectMapping: 0.187200 ms MarkObjects: 2.590800 ms  DeleteObjects: 0.742200 ms)

AssetImportParameters requested are different than current active one (requested -> active):
  custom:video-decoder-ogg-theora: a1e56fd34408186e4bbccfd4996cb3dc -> 
  custom:container-muxer-webm: aa71ff27fc2769a1b78a27578f13a17b -> 
  custom:container-demuxer-webm: 4f35f7cbe854078d1ac9338744f61a02 -> 
  custom:video-encoder-webm-vp8: eb34c28f22e8b96e1ab97ce403110664 -> 
  custom:audio-encoder-webm-vorbis: bf7c407c2cedff20999df2af8eb42d56 -> 
  custom:framework-win-MediaFoundation: 216162199b28c13a410421893ffa2e32 -> 
  custom:container-demuxer-ogg: 62fdf1f143b41e24485cea50d1cbac27 -> 
  custom:video-decoder-webm-vp8: 9c59270c3fd7afecdb556c50c9e8de78 -> 
  custom:audio-decoder-ogg-vorbis: bf7c407c2cedff20999df2af8eb42d56 -> 
========================================================================
Received Import Request.
  Time since last request: 1022132.702925 seconds.
  path: Assets/RaceTest.fbx
  artifactKey: Guid(eeaa423ff4209c445843ad0d6adbb329) Importer(815301076,1909f56bfc062723c751e8b465ee728b)
Number of updated assets reloaded before import = 0
Start importing Assets/RaceTest.fbx using Guid(eeaa423ff4209c445843ad0d6adbb329) Importer(815301076,1909f56bfc062723c751e8b465ee728b)  -> (artifact id: '90475e361bc118f10ecab03a45b65fd2') in 1.656156 seconds 
Number of asset objects unloaded after import = 31
========================================================================
Received Import Request.
  Time since last request: 178.804092 seconds.
  path: Assets/Art/Materials/Blue.mat
  artifactKey: Guid(40926c6579156bf46a3809c9bbcffe16) Importer(815301076,1909f56bfc062723c751e8b465ee728b)
Number of updated assets reloaded before import = 0
Start importing Assets/Art/Materials/Blue.mat using Guid(40926c6579156bf46a3809c9bbcffe16) Importer(815301076,1909f56bfc062723c751e8b465ee728b)  -> (artifact id: '488bbdfe89ac3d2d24c039cd32668163') in 0.029120 seconds 
Number of asset objects unloaded after import = 2
========================================================================
Received Import Request.
  Time since last request: 0.000050 seconds.
  path: Assets/Art/Materials/BlueCrome.mat
  artifactKey: Guid(eefd4fc9b92306343af5ed72921ca3eb) Importer(815301076,1909f56bfc062723c751e8b465ee728b)
Number of updated assets reloaded before import = 0
Start importing Assets/Art/Materials/BlueCrome.mat using Guid(eefd4fc9b92306343af5ed72921ca3eb) Importer(815301076,1909f56bfc062723c751e8b465ee728b)  -> (artifact id: 'e80cb25f742697a31943a4a01aa341df') in 0.026680 seconds 
Number of asset objects unloaded after import = 2
========================================================================
Received Import Request.
  Time since last request: 0.000033 seconds.
  path: Assets/Art/Materials/Yellow.mat
  artifactKey: Guid(c31cd2ccd879c6e4d994ddcc01d5bfb2) Importer(815301076,1909f56bfc062723c751e8b465ee728b)
Number of updated assets reloaded before import = 0
Start importing Assets/Art/Materials/Yellow.mat using Guid(c31cd2ccd879c6e4d994ddcc01d5bfb2) Importer(815301076,1909f56bfc062723c751e8b465ee728b)  -> (artifact id: 'f461de5f257d7ecbcdb79f19f3201ad1') in 0.022490 seconds 
Number of asset objects unloaded after import = 2
========================================================================
Received Import Request.
  Time since last request: 0.000150 seconds.
  path: Assets/Art/Materials/Silver.mat
  artifactKey: Guid(733869b2f0dde3e449d1c052949ac756) Importer(815301076,1909f56bfc062723c751e8b465ee728b)
Number of updated assets reloaded before import = 0
Start importing Assets/Art/Materials/Silver.mat using Guid(733869b2f0dde3e449d1c052949ac756) Importer(815301076,1909f56bfc062723c751e8b465ee728b)  -> (artifact id: '0f2f9f2e0d0309fc155d59b5892ca9c4') in 0.023585 seconds 
Number of asset objects unloaded after import = 2
========================================================================
Received Import Request.
  Time since last request: 0.000053 seconds.
  path: Assets/Art/Materials/Grey.mat
  artifactKey: Guid(12279bccaa41cf0488eb0dda2ef27ac9) Importer(815301076,1909f56bfc062723c751e8b465ee728b)
Number of updated assets reloaded before import = 0
Start importing Assets/Art/Materials/Grey.mat using Guid(12279bccaa41cf0488eb0dda2ef27ac9) Importer(815301076,1909f56bfc062723c751e8b465ee728b)  -> (artifact id: 'c5f7f8f8adac975a5764945bfe787e00') in 0.030038 seconds 
Number of asset objects unloaded after import = 2
========================================================================
Received Import Request.
  Time since last request: 0.000023 seconds.
  path: Assets/Art/Materials/Wave_MAT.mat
  artifactKey: Guid(6548d34caa826aa43a093b672a0df645) Importer(815301076,1909f56bfc062723c751e8b465ee728b)
Number of updated assets reloaded before import = 0
Start importing Assets/Art/Materials/Wave_MAT.mat using Guid(6548d34caa826aa43a093b672a0df645) Importer(815301076,1909f56bfc062723c751e8b465ee728b)  -> (artifact id: 'e35c5da14f4434419714bcc1d6e4cb4c') in 0.126727 seconds 
Number of asset objects unloaded after import = 3
========================================================================
Received Import Request.
  Time since last request: 0.000037 seconds.
  path: Assets/Art/Materials/Brown.mat
  artifactKey: Guid(e2671e06a7899b347aaf6b9410e55550) Importer(815301076,1909f56bfc062723c751e8b465ee728b)
Number of updated assets reloaded before import = 0
Start importing Assets/Art/Materials/Brown.mat using Guid(e2671e06a7899b347aaf6b9410e55550) Importer(815301076,1909f56bfc062723c751e8b465ee728b)  -> (artifact id: '0ed94bb6000e085bc87fd932ee6bbe0e') in 0.025439 seconds 
Number of asset objects unloaded after import = 2
========================================================================
Received Import Request.
  Time since last request: 0.000088 seconds.
  path: Assets/Art/Materials/Orange.mat
  artifactKey: Guid(895bfee807d6bd248a19559536e6c80b) Importer(815301076,1909f56bfc062723c751e8b465ee728b)
Number of updated assets reloaded before import = 0
Start importing Assets/Art/Materials/Orange.mat using Guid(895bfee807d6bd248a19559536e6c80b) Importer(815301076,1909f56bfc062723c751e8b465ee728b)  -> (artifact id: 'd806ff0e25bbc4a573818f4a3f1568a6') in 0.030349 seconds 
Number of asset objects unloaded after import = 2
========================================================================
Received Import Request.
  Time since last request: 0.000048 seconds.
  path: Assets/Art/Materials/Trail_MAT.mat
  artifactKey: Guid(cda14b0421f72a540a48842f1807449e) Importer(815301076,1909f56bfc062723c751e8b465ee728b)
Number of updated assets reloaded before import = 0
Start importing Assets/Art/Materials/Trail_MAT.mat using Guid(cda14b0421f72a540a48842f1807449e) Importer(815301076,1909f56bfc062723c751e8b465ee728b)  -> (artifact id: 'c510c50e49299c47da6e9dc8fd970e4d') in 0.514044 seconds 
Number of asset objects unloaded after import = 2
========================================================================
Received Import Request.
  Time since last request: 0.000044 seconds.
  path: Assets/Art/Materials/Pink.mat
  artifactKey: Guid(bafb5e61e949b284297df1911fcce1ab) Importer(815301076,1909f56bfc062723c751e8b465ee728b)
Number of updated assets reloaded before import = 0
Start importing Assets/Art/Materials/Pink.mat using Guid(bafb5e61e949b284297df1911fcce1ab) Importer(815301076,1909f56bfc062723c751e8b465ee728b)  -> (artifact id: '3723575eee6ff22c82a0e3e4d000507f') in 0.028022 seconds 
Number of asset objects unloaded after import = 2
========================================================================
Received Import Request.
  Time since last request: 0.000041 seconds.
  path: Assets/Art/Materials/Spike_MAT.mat
  artifactKey: Guid(3ffd973bd501b28439588347ce58a75f) Importer(815301076,1909f56bfc062723c751e8b465ee728b)
Number of updated assets reloaded before import = 0
Start importing Assets/Art/Materials/Spike_MAT.mat using Guid(3ffd973bd501b28439588347ce58a75f) Importer(815301076,1909f56bfc062723c751e8b465ee728b)  -> (artifact id: '7e1dd78337733f131fe168ef8bea33fb') in 0.025088 seconds 
Number of asset objects unloaded after import = 3
========================================================================
Received Import Request.
  Time since last request: 0.000028 seconds.
  path: Assets/Art/Materials/Tail_MAT_02.mat
  artifactKey: Guid(fafd8e563a3da614f813e63c477a9291) Importer(815301076,1909f56bfc062723c751e8b465ee728b)
Number of updated assets reloaded before import = 0
Start importing Assets/Art/Materials/Tail_MAT_02.mat using Guid(fafd8e563a3da614f813e63c477a9291) Importer(815301076,1909f56bfc062723c751e8b465ee728b)  -> (artifact id: '042401ada4ed30ca951a0e1ca9447a5e') in 1.148929 seconds 
Number of asset objects unloaded after import = 6
========================================================================
Received Import Request.
  Time since last request: 0.000041 seconds.
  path: Assets/Art/Materials/Red.mat
  artifactKey: Guid(8413edb3863fcab44b44464f25a61e15) Importer(815301076,1909f56bfc062723c751e8b465ee728b)
Number of updated assets reloaded before import = 0
Start importing Assets/Art/Materials/Red.mat using Guid(8413edb3863fcab44b44464f25a61e15) Importer(815301076,1909f56bfc062723c751e8b465ee728b)  -> (artifact id: 'db5017f445284da13725bb0d0c7d74c3') in 0.024812 seconds 
Number of asset objects unloaded after import = 2
========================================================================
Received Import Request.
  Time since last request: 0.000052 seconds.
  path: Assets/Art/Materials/Green.mat
  artifactKey: Guid(ab11428ef1072c046baf304da53f4686) Importer(815301076,1909f56bfc062723c751e8b465ee728b)
Number of updated assets reloaded before import = 0
Start importing Assets/Art/Materials/Green.mat using Guid(ab11428ef1072c046baf304da53f4686) Importer(815301076,1909f56bfc062723c751e8b465ee728b)  -> (artifact id: '6ebed7bd0f4afb1f826ac8c43f9f1835') in 0.029770 seconds 
Number of asset objects unloaded after import = 2
========================================================================
Received Prepare
Refreshing native plugins compatible for Editor in 8.69 ms, found 3 plugins.
Preloading 0 native plugins for Editor in 0.00 ms.
Unloading 27 Unused Serialized files (Serialized files now loaded: 0)
Unloading 46 unused Assets / (1.5 MB). Loaded Objects now: 6696.
Memory consumption went from 118.0 MB to 116.5 MB.
Total: 13.897700 ms (FindLiveObjects: 1.692400 ms CreateObjectMapping: 0.489800 ms MarkObjects: 11.182400 ms  DeleteObjects: 0.530900 ms)

AssetImportParameters requested are different than current active one (requested -> active):
  custom:video-decoder-ogg-theora: a1e56fd34408186e4bbccfd4996cb3dc -> 
  custom:container-muxer-webm: aa71ff27fc2769a1b78a27578f13a17b -> 
  custom:container-demuxer-webm: 4f35f7cbe854078d1ac9338744f61a02 -> 
  custom:video-encoder-webm-vp8: eb34c28f22e8b96e1ab97ce403110664 -> 
  custom:CustomObjectIndexerAttribute: 6b0e35c9178b02a6363f3721b7b8e397 -> 
  custom:audio-encoder-webm-vorbis: bf7c407c2cedff20999df2af8eb42d56 -> 
  custom:framework-win-MediaFoundation: 216162199b28c13a410421893ffa2e32 -> 
  custom:SearchIndexIgnoredProperties: e643bd26f0fe6173181afceb89e7c659 -> 
  custom:container-demuxer-ogg: 62fdf1f143b41e24485cea50d1cbac27 -> 
  custom:video-decoder-webm-vp8: 9c59270c3fd7afecdb556c50c9e8de78 -> 
  custom:audio-decoder-ogg-vorbis: bf7c407c2cedff20999df2af8eb42d56 -> 
========================================================================
Received Import Request.
  Time since last request: 19.426951 seconds.
  path: Assets/Art/Materials/Cubemaps/Room 001.png
  artifactKey: Guid(8682b1a05fa1f0c4583a3cc2def50706) Importer(815301076,1909f56bfc062723c751e8b465ee728b)
Number of updated assets reloaded before import = 0
Start importing Assets/Art/Materials/Cubemaps/Room 001.png using Guid(8682b1a05fa1f0c4583a3cc2def50706) Importer(815301076,1909f56bfc062723c751e8b465ee728b)  -> (artifact id: '2c671a99d872fb51f5e6d412970c275e') in 0.079555 seconds 
Number of asset objects unloaded after import = 2
========================================================================
Received Import Request.
  Time since last request: 0.000057 seconds.
  path: Assets/Art/Materials/Cubemaps/Room 002.png
  artifactKey: Guid(4995613b16262a24caff72ceac9565db) Importer(815301076,1909f56bfc062723c751e8b465ee728b)
Number of updated assets reloaded before import = 0
Start importing Assets/Art/Materials/Cubemaps/Room 002.png using Guid(4995613b16262a24caff72ceac9565db) Importer(815301076,1909f56bfc062723c751e8b465ee728b)  -> (artifact id: 'd1cb8a156693e5a9eb6b2bced54ca3b2') in 0.033165 seconds 
Number of asset objects unloaded after import = 2
========================================================================
Received Import Request.
  Time since last request: 1.691559 seconds.
  path: Assets/Art/VFX/Distortion_WIP.mat
  artifactKey: Guid(6ff17f681fb835a479e55c7954a84749) Importer(815301076,1909f56bfc062723c751e8b465ee728b)
Number of updated assets reloaded before import = 0
Start importing Assets/Art/VFX/Distortion_WIP.mat using Guid(6ff17f681fb835a479e55c7954a84749) Importer(815301076,1909f56bfc062723c751e8b465ee728b)  -> (artifact id: '13c7e4db4d9725a56dd3d19ee6d89837') in 0.556779 seconds 
Number of asset objects unloaded after import = 3
========================================================================
Received Import Request.
  Time since last request: 0.000074 seconds.
  path: Assets/Art/VFX/DistortionSpeed.mat
  artifactKey: Guid(885b122f77d6a7d489f003524d9f74f2) Importer(815301076,1909f56bfc062723c751e8b465ee728b)
Number of updated assets reloaded before import = 0
Start importing Assets/Art/VFX/DistortionSpeed.mat using Guid(885b122f77d6a7d489f003524d9f74f2) Importer(815301076,1909f56bfc062723c751e8b465ee728b)  -> (artifact id: '8ff6eb64c95e1f891551837cf44e5458') in 0.034665 seconds 
Number of asset objects unloaded after import = 2
========================================================================
Received Import Request.
  Time since last request: 0.000044 seconds.
  path: Assets/Art/VFX/Speed Lines.prefab
  artifactKey: Guid(9fae56dd57297904e9a2847cda5743df) Importer(815301076,1909f56bfc062723c751e8b465ee728b)
Number of updated assets reloaded before import = 0
Start importing Assets/Art/VFX/Speed Lines.prefab using Guid(9fae56dd57297904e9a2847cda5743df) Importer(815301076,1909f56bfc062723c751e8b465ee728b)  -> (artifact id: '87b1deeff719967b5e49fe45f8e6942b') in 0.036842 seconds 
Number of asset objects unloaded after import = 9
========================================================================
Received Import Request.
  Time since last request: 0.000031 seconds.
  path: Assets/Art/VFX/Trail_Core (2).prefab
  artifactKey: Guid(decac4d1e435ef94d957658715df1369) Importer(815301076,1909f56bfc062723c751e8b465ee728b)
Number of updated assets reloaded before import = 0
Start importing Assets/Art/VFX/Trail_Core (2).prefab using Guid(decac4d1e435ef94d957658715df1369) Importer(815301076,1909f56bfc062723c751e8b465ee728b)  -> (artifact id: '7662c03c4d02fa6a9c3e4c881e78dadf') in 0.032343 seconds 
Number of asset objects unloaded after import = 11
========================================================================
Received Import Request.
  Time since last request: 0.000038 seconds.
  path: Assets/Art/VFX/Plane_SubDiv_02.fbx
  artifactKey: Guid(8922fdf4aebc83648bf22009ce4fc5b4) Importer(815301076,1909f56bfc062723c751e8b465ee728b)
Number of updated assets reloaded before import = 0
Start importing Assets/Art/VFX/Plane_SubDiv_02.fbx using Guid(8922fdf4aebc83648bf22009ce4fc5b4) Importer(815301076,1909f56bfc062723c751e8b465ee728b)  -> (artifact id: '91003fbe27def090c4e41d4d5d292022') in 0.281939 seconds 
Number of asset objects unloaded after import = 9
========================================================================
Received Import Request.
  Time since last request: 0.000063 seconds.
  path: Assets/Art/VFX/Clouds/Cloud_MAT.mat
  artifactKey: Guid(a4f94a34ab919d34e9dd6e04efc15bf7) Importer(815301076,1909f56bfc062723c751e8b465ee728b)
Number of updated assets reloaded before import = 0
Start importing Assets/Art/VFX/Clouds/Cloud_MAT.mat using Guid(a4f94a34ab919d34e9dd6e04efc15bf7) Importer(815301076,1909f56bfc062723c751e8b465ee728b)  -> (artifact id: 'c1fc33617850752ad173452d6d6d282f') in 1.426125 seconds 
Number of asset objects unloaded after import = 3
========================================================================
Received Import Request.
  Time since last request: 6.107667 seconds.
  path: Assets/Art/VFX/Prefab/ARCHIVED_2.prefab
  artifactKey: Guid(7b6ea80124f3de1449ae44d59e75d125) Importer(815301076,1909f56bfc062723c751e8b465ee728b)
Number of updated assets reloaded before import = 0
Start importing Assets/Art/VFX/Prefab/ARCHIVED_2.prefab using Guid(7b6ea80124f3de1449ae44d59e75d125) Importer(815301076,1909f56bfc062723c751e8b465ee728b)  -> (artifact id: 'e4c771ce9d0b88d76e051b3a3d89dbc5') in 0.024030 seconds 
Number of asset objects unloaded after import = 10
========================================================================
Received Import Request.
  Time since last request: 0.000026 seconds.
  path: Assets/Art/VFX/Prefab/Speed_Distortion 1.prefab
  artifactKey: Guid(d98f58f9d86985446b4c3fced0526328) Importer(815301076,1909f56bfc062723c751e8b465ee728b)
Number of updated assets reloaded before import = 0
Start importing Assets/Art/VFX/Prefab/Speed_Distortion 1.prefab using Guid(d98f58f9d86985446b4c3fced0526328) Importer(815301076,1909f56bfc062723c751e8b465ee728b)  -> (artifact id: 'df7b357cfb29ec040ccfb6ec0e5c6185') in 0.026158 seconds 
Number of asset objects unloaded after import = 10
========================================================================
Received Import Request.
  Time since last request: 0.000046 seconds.
  path: Assets/Art/VFX/Prefab/Camera_FX.prefab
  artifactKey: Guid(58be83028e034054fba18d6938470b6f) Importer(815301076,1909f56bfc062723c751e8b465ee728b)
Number of updated assets reloaded before import = 0
Start importing Assets/Art/VFX/Prefab/Camera_FX.prefab using Guid(58be83028e034054fba18d6938470b6f) Importer(815301076,1909f56bfc062723c751e8b465ee728b)  -> (artifact id: 'af06545f8cb178f40ea2b9fc38c50fef') in 0.043920 seconds 
Number of asset objects unloaded after import = 41
========================================================================
Received Import Request.
  Time since last request: 0.000035 seconds.
  path: Assets/Art/VFX/Prefab/Speed Lines White.prefab
  artifactKey: Guid(1b400ae4e3cdb8e46bb5deabc2978382) Importer(815301076,1909f56bfc062723c751e8b465ee728b)
Number of updated assets reloaded before import = 0
Start importing Assets/Art/VFX/Prefab/Speed Lines White.prefab using Guid(1b400ae4e3cdb8e46bb5deabc2978382) Importer(815301076,1909f56bfc062723c751e8b465ee728b)  -> (artifact id: '9541d0f435d669b5ccd3ac030eeedc63') in 0.030775 seconds 
Number of asset objects unloaded after import = 9
========================================================================
Received Import Request.
  Time since last request: 0.000027 seconds.
  path: Assets/Art/VFX/Prefab/Redline_FX.prefab
  artifactKey: Guid(d7ad23f20fbeacd499582a0a18d8fa62) Importer(815301076,1909f56bfc062723c751e8b465ee728b)
Number of updated assets reloaded before import = 0
Start importing Assets/Art/VFX/Prefab/Redline_FX.prefab using Guid(d7ad23f20fbeacd499582a0a18d8fa62) Importer(815301076,1909f56bfc062723c751e8b465ee728b)  -> (artifact id: 'a5940b5a2df627354bf08f2e7bb4d225') in 0.028944 seconds 
Number of asset objects unloaded after import = 17
========================================================================
Received Import Request.
  Time since last request: 0.000030 seconds.
  path: Assets/Art/VFX/Prefab/Distortion_Speed_Quad.prefab
  artifactKey: Guid(d4642e8a82e8fec49b5b81fca8f3b544) Importer(815301076,1909f56bfc062723c751e8b465ee728b)
Number of updated assets reloaded before import = 0
Start importing Assets/Art/VFX/Prefab/Distortion_Speed_Quad.prefab using Guid(d4642e8a82e8fec49b5b81fca8f3b544) Importer(815301076,1909f56bfc062723c751e8b465ee728b)  -> (artifact id: 'e75a3e016a44d5a1752c068eca554696') in 0.036372 seconds 
Number of asset objects unloaded after import = 10
========================================================================
Received Import Request.
  Time since last request: 0.000027 seconds.
  path: Assets/Art/VFX/Prefab/Speed_Particle.prefab
  artifactKey: Guid(17d975796a76d6c43b8bcf97d1b78eed) Importer(815301076,1909f56bfc062723c751e8b465ee728b)
Number of updated assets reloaded before import = 0
Start importing Assets/Art/VFX/Prefab/Speed_Particle.prefab using Guid(17d975796a76d6c43b8bcf97d1b78eed) Importer(815301076,1909f56bfc062723c751e8b465ee728b)  -> (artifact id: 'ef30c177e71006530a95e6908df491b9') in 0.026667 seconds 
Number of asset objects unloaded after import = 9
========================================================================
Received Import Request.
  Time since last request: 0.000030 seconds.
  path: Assets/Art/VFX/Prefab/Plane_SubDiv.fbx
  artifactKey: Guid(f67ce54e6d5520546ae3e382b8699d97) Importer(815301076,1909f56bfc062723c751e8b465ee728b)
Number of updated assets reloaded before import = 0
Start importing Assets/Art/VFX/Prefab/Plane_SubDiv.fbx using Guid(f67ce54e6d5520546ae3e382b8699d97) Importer(815301076,1909f56bfc062723c751e8b465ee728b)  -> (artifact id: '848031a135533b902203eaec16390c58') in 0.060051 seconds 
Number of asset objects unloaded after import = 9
